<component name="libraryTable">
  <library name="JUnit Dependencies">
    <CLASSES>
      <root url="file://$USER_HOME$/Downloads/JUnit Dependencies" />
    </CLASSES>
    <JAVADOC />
    <SOURCES>
      <root url="file://$USER_HOME$/Downloads/JUnit Dependencies" />
    </SOURCES>
    <jarDirectory url="file://$USER_HOME$/Downloads/JUnit Dependencies" recursive="false" />
    <jarDirectory url="file://$USER_HOME$/Downloads/JUnit Dependencies" recursive="false" type="SOURCES" />
  </library>
</component>